START: mmath_test.go:22: MySuite.TestAdd
PASS: mmath_test.go:22: MySuite.TestAdd	0.001s

START: mmath_test.go:42: MySuite.TestDiv
mmath_test.go:45:
    c.Assert(z, Equals, float64(x)/float64(y))
... obtained int = 0
... expected float64 = 0.6666666666666666

FAIL: mmath_test.go:42: MySuite.TestDiv

START: mmath_test.go:35: MySuite.TestMul
SKIP: mmath_test.go:35: MySuite.TestMul (not implemented)

START: mmath_test.go:17: MySuite.TestPanic
... Panic:  (PC=0x42546C)

c:/go/src/runtime/asm_amd64.s:401
  in call16
c:/go/src/runtime/panic.go:387
  in gopanic
c:/go/src/log/log.go:307
  in Panic
mmath.go:22
  in Panic
mmath_test.go:18
  in MySuite.TestPanic
c:/go/src/runtime/asm_amd64.s:401
  in call16
c:/go/src/reflect/value.go:419
  in Value.call
c:/go/src/reflect/value.go:296
  in Value.Call
c:/go/src/runtime/asm_amd64.s:2232
  in goexit
PANIC: mmath_test.go:17: MySuite.TestPanic

START: mmath_test.go:28: MySuite.TestSub
PASS: mmath_test.go:28: MySuite.TestSub	0.000s

--- FAIL: Test (0.00s)
FAIL
exit status 1
FAIL	github.com/tischda/mmath	0.040s
